/usr/sbin/mysqld, Version: 5.7.30-0ubuntu0.18.04.1-log ((Ubuntu)). started with:
Tcp port: 3306  Unix socket: /var/run/mysqld/mysqld.sock
Time                 Id Command    Argument
# Time: 2020-06-03T06:03:33.675799Z
# User@Host: root[root] @ localhost []  Id:     4
# Query_time: 2.064824  Lock_time: 0.000000 Rows_sent: 1  Rows_examined: 0
SET timestamp=1591164213;
SELECT SLEEP(2);
# Time: 2020-06-03T06:04:09.582225Z
# User@Host: root[root] @ localhost []  Id:     4
# Query_time: 3.000192  Lock_time: 0.000000 Rows_sent: 1  Rows_examined: 0
SET timestamp=1591164249;
SELECT SLEEP(3);
# Time: 2020-06-03T06:05:16.786196Z
# User@Host: root[root] @ localhost []  Id:     4
# Query_time: 5.000211  Lock_time: 0.000000 Rows_sent: 1  Rows_examined: 0
SET timestamp=1591164316;
SELECT SLEEP(5);
/usr/sbin/mysqld, Version: 5.7.30-0ubuntu0.18.04.1-log ((Ubuntu)). started with:
Tcp port: 3306  Unix socket: /var/run/mysqld/mysqld.sock
Time                 Id Command    Argument
# Time: 2020-06-03T09:55:39.044321Z
# User@Host: root[root] @ localhost []  Id:     2
# Query_time: 2.723918  Lock_time: 0.000000 Rows_sent: 0  Rows_examined: 0
use recipes_database;
SET timestamp=1591178139;
CREATE TABLE recipe_ingredients (
  recipe_id int NOT NULL, 
  ingredient_id INT NOT NULL, 
  amount INT NOT NULL,
  PRIMARY KEY (recipe_id,ingredient_id)
);
/usr/sbin/mysqld, Version: 5.7.30-0ubuntu0.18.04.1-log ((Ubuntu)). started with:
Tcp port: 3306  Unix socket: /var/run/mysqld/mysqld.sock
Time                 Id Command    Argument
# Time: 2020-06-03T09:55:39.044321Z
# User@Host: root[root] @ localhost []  Id:     2
# Query_time: 2.723918  Lock_time: 0.000000 Rows_sent: 0  Rows_examined: 0
use recipes_database;
SET timestamp=1591178139;
CREATE TABLE recipe_ingredients (
  recipe_id int NOT NULL,
  ingredient_id INT NOT NULL,
  amount INT NOT NULL,
  PRIMARY KEY (recipe_id,ingredient_id)
);
