[2020-06-05T04:19:02,159][INFO ][o.e.c.m.MetaDataIndexTemplateService] [ip-172-31-41-199] adding template [.management-beats] for index patterns [.management-beats]
[2020-06-05T04:29:21,589][INFO ][o.e.c.m.MetaDataIndexTemplateService] [ip-172-31-41-199] adding template [.management-beats] for index patterns [.management-beats]
[2020-06-05T06:48:53,651][DEBUG][o.e.a.b.TransportShardBulkAction] [ip-172-31-41-199] [pharmacy][0] failed to execute bulk item (index) index {[pharmacy][_doc][2Vw9g3IB_PYVM9bjUs6Q], source[{"name":"New Pharmacy Test June1","address":"Pullupalam Rd, Kunnumupuram, Fort Kochi, Kochi, Kerala ","pincode":"682001","phoneNumbers":{"enquiry":["0484 221 6203"]},"location":{"lon":"76.2673","lat":"9.9312"},"locationName":"Kochi","email":"info@neelumedicals.com","category":"clinical","createdBy":"fyndmydoc@gmail.com","entityType":"pharmacies","timing":{"from":"2020-06-04 09:00:59","to":"2020-06-04 19:00:05"}}]}
org.elasticsearch.index.mapper.MapperParsingException: failed to parse field [timing.from] of type [date] in document with id '2Vw9g3IB_PYVM9bjUs6Q'. Preview of field's value: '2020-06-04 09:00:59'
	at org.elasticsearch.index.mapper.FieldMapper.parse(FieldMapper.java:299) ~[elasticsearch-7.3.0.jar:7.3.0]
	at org.elasticsearch.index.mapper.DocumentParser.parseObjectOrField(DocumentParser.java:488) ~[elasticsearch-7.3.0.jar:7.3.0]
	at org.elasticsearch.index.mapper.DocumentParser.parseValue(DocumentParser.java:614) ~[elasticsearch-7.3.0.jar:7.3.0]
	at org.elasticsearch.index.mapper.DocumentParser.innerParseObject(DocumentParser.java:427) ~[elasticsearch-7.3.0.jar:7.3.0]
	at org.elasticsearch.index.mapper.DocumentParser.parseObjectOrNested(DocumentParser.java:395) ~[elasticsearch-7.3.0.jar:7.3.0]
	at org.elasticsearch.index.mapper.DocumentParser.parseObjectOrField(DocumentParser.java:485) ~[elasticsearch-7.3.0.jar:7.3.0]
	at org.elasticsearch.index.mapper.DocumentParser.parseObject(DocumentParser.java:505) ~[elasticsearch-7.3.0.jar:7.3.0]
	at org.elasticsearch.index.mapper.DocumentParser.innerParseObject(DocumentParser.java:418) ~[elasticsearch-7.3.0.jar:7.3.0]
	at org.elasticsearch.index.mapper.DocumentParser.parseObjectOrNested(DocumentParser.java:395) ~[elasticsearch-7.3.0.jar:7.3.0]
	at org.elasticsearch.index.mapper.DocumentParser.internalParseDocument(DocumentParser.java:112) ~[elasticsearch-7.3.0.jar:7.3.0]
	at org.elasticsearch.index.mapper.DocumentParser.parseDocument(DocumentParser.java:71) ~[elasticsearch-7.3.0.jar:7.3.0]
	at org.elasticsearch.index.mapper.DocumentMapper.parse(DocumentMapper.java:267) ~[elasticsearch-7.3.0.jar:7.3.0]
	at org.elasticsearch.index.shard.IndexShard.prepareIndex(IndexShard.java:772) ~[elasticsearch-7.3.0.jar:7.3.0]
	at org.elasticsearch.index.shard.IndexShard.applyIndexOperation(IndexShard.java:749) ~[elasticsearch-7.3.0.jar:7.3.0]
	at org.elasticsearch.index.shard.IndexShard.applyIndexOperationOnPrimary(IndexShard.java:721) ~[elasticsearch-7.3.0.jar:7.3.0]
	at org.elasticsearch.action.bulk.TransportShardBulkAction.executeBulkItemRequest(TransportShardBulkAction.java:256) [elasticsearch-7.3.0.jar:7.3.0]
	at org.elasticsearch.action.bulk.TransportShardBulkAction$2.doRun(TransportShardBulkAction.java:159) [elasticsearch-7.3.0.jar:7.3.0]
	at org.elasticsearch.common.util.concurrent.AbstractRunnable.run(AbstractRunnable.java:37) [elasticsearch-7.3.0.jar:7.3.0]
	at org.elasticsearch.action.bulk.TransportShardBulkAction.performOnPrimary(TransportShardBulkAction.java:191) [elasticsearch-7.3.0.jar:7.3.0]
	at org.elasticsearch.action.bulk.TransportShardBulkAction.shardOperationOnPrimary(TransportShardBulkAction.java:116) [elasticsearch-7.3.0.jar:7.3.0]
	at org.elasticsearch.action.bulk.TransportShardBulkAction.shardOperationOnPrimary(TransportShardBulkAction.java:77) [elasticsearch-7.3.0.jar:7.3.0]
	at org.elasticsearch.action.support.replication.TransportReplicationAction$PrimaryShardReference.perform(TransportReplicationAction.java:923) [elasticsearch-7.3.0.jar:7.3.0]
	at org.elasticsearch.action.support.replication.ReplicationOperation.execute(ReplicationOperation.java:108) [elasticsearch-7.3.0.jar:7.3.0]
	at org.elasticsearch.action.support.replication.TransportReplicationAction$AsyncPrimaryAction.runWithPrimaryShardReference(TransportReplicationAction.java:398) [elasticsearch-7.3.0.jar:7.3.0]
	at org.elasticsearch.action.support.replication.TransportReplicationAction$AsyncPrimaryAction.lambda$doRun$0(TransportReplicationAction.java:316) [elasticsearch-7.3.0.jar:7.3.0]
	at org.elasticsearch.action.ActionListener$1.onResponse(ActionListener.java:62) [elasticsearch-7.3.0.jar:7.3.0]
	at org.elasticsearch.index.shard.IndexShard.lambda$wrapPrimaryOperationPermitListener$15(IndexShard.java:2606) [elasticsearch-7.3.0.jar:7.3.0]
	at org.elasticsearch.action.ActionListener$3.onResponse(ActionListener.java:112) [elasticsearch-7.3.0.jar:7.3.0]
	at org.elasticsearch.index.shard.IndexShardOperationPermits.acquire(IndexShardOperationPermits.java:269) [elasticsearch-7.3.0.jar:7.3.0]
	at org.elasticsearch.index.shard.IndexShardOperationPermits.acquire(IndexShardOperationPermits.java:236) [elasticsearch-7.3.0.jar:7.3.0]
	at org.elasticsearch.index.shard.IndexShard.acquirePrimaryOperationPermit(IndexShard.java:2580) [elasticsearch-7.3.0.jar:7.3.0]
	at org.elasticsearch.action.support.replication.TransportReplicationAction.acquirePrimaryOperationPermit(TransportReplicationAction.java:864) [elasticsearch-7.3.0.jar:7.3.0]
	at org.elasticsearch.action.support.replication.TransportReplicationAction$AsyncPrimaryAction.doRun(TransportReplicationAction.java:312) [elasticsearch-7.3.0.jar:7.3.0]
	at org.elasticsearch.common.util.concurrent.AbstractRunnable.run(AbstractRunnable.java:37) [elasticsearch-7.3.0.jar:7.3.0]
	at org.elasticsearch.action.support.replication.TransportReplicationAction.handlePrimaryRequest(TransportReplicationAction.java:275) [elasticsearch-7.3.0.jar:7.3.0]
	at org.elasticsearch.xpack.security.transport.SecurityServerTransportInterceptor$ProfileSecuredRequestHandler$1.doRun(SecurityServerTransportInterceptor.java:257) [x-pack-security-7.3.0.jar:7.3.0]
	at org.elasticsearch.common.util.concurrent.AbstractRunnable.run(AbstractRunnable.java:37) [elasticsearch-7.3.0.jar:7.3.0]
	at org.elasticsearch.xpack.security.transport.SecurityServerTransportInterceptor$ProfileSecuredRequestHandler.messageReceived(SecurityServerTransportInterceptor.java:315) [x-pack-security-7.3.0.jar:7.3.0]
	at org.elasticsearch.transport.RequestHandlerRegistry.processMessageReceived(RequestHandlerRegistry.java:63) [elasticsearch-7.3.0.jar:7.3.0]
	at org.elasticsearch.transport.TransportService$7.doRun(TransportService.java:703) [elasticsearch-7.3.0.jar:7.3.0]
	at org.elasticsearch.common.util.concurrent.ThreadContext$ContextPreservingAbstractRunnable.doRun(ThreadContext.java:758) [elasticsearch-7.3.0.jar:7.3.0]
	at org.elasticsearch.common.util.concurrent.AbstractRunnable.run(AbstractRunnable.java:37) [elasticsearch-7.3.0.jar:7.3.0]
	at java.util.concurrent.ThreadPoolExecutor.runWorker(ThreadPoolExecutor.java:1128) [?:?]
	at java.util.concurrent.ThreadPoolExecutor$Worker.run(ThreadPoolExecutor.java:628) [?:?]
	at java.lang.Thread.run(Thread.java:835) [?:?]
Caused by: java.lang.IllegalArgumentException: failed to parse date field [2020-06-04 09:00:59] with format [strict_date_optional_time||epoch_millis]
	at org.elasticsearch.common.time.JavaDateFormatter.parse(JavaDateFormatter.java:123) ~[elasticsearch-7.3.0.jar:7.3.0]
	at org.elasticsearch.index.mapper.DateFieldMapper$DateFieldType.parse(DateFieldMapper.java:331) ~[elasticsearch-7.3.0.jar:7.3.0]
	at org.elasticsearch.index.mapper.DateFieldMapper.parseCreateField(DateFieldMapper.java:538) ~[elasticsearch-7.3.0.jar:7.3.0]
	at org.elasticsearch.index.mapper.FieldMapper.parse(FieldMapper.java:277) ~[elasticsearch-7.3.0.jar:7.3.0]
	... 44 more
Caused by: java.time.format.DateTimeParseException: Failed to parse with all enclosed parsers
	at org.elasticsearch.common.time.JavaDateFormatter.doParse(JavaDateFormatter.java:150) ~[elasticsearch-7.3.0.jar:7.3.0]
	at org.elasticsearch.common.time.JavaDateFormatter.parse(JavaDateFormatter.java:121) ~[elasticsearch-7.3.0.jar:7.3.0]
	at org.elasticsearch.index.mapper.DateFieldMapper$DateFieldType.parse(DateFieldMapper.java:331) ~[elasticsearch-7.3.0.jar:7.3.0]
	at org.elasticsearch.index.mapper.DateFieldMapper.parseCreateField(DateFieldMapper.java:538) ~[elasticsearch-7.3.0.jar:7.3.0]
	at org.elasticsearch.index.mapper.FieldMapper.parse(FieldMapper.java:277) ~[elasticsearch-7.3.0.jar:7.3.0]
	... 44 more
[2020-06-05T06:52:03,700][INFO ][o.e.c.m.MetaDataIndexTemplateService] [ip-172-31-41-199] adding template [.management-beats] for index patterns [.management-beats]
[2020-06-05T07:22:16,157][DEBUG][o.e.a.s.TransportSearchAction] [ip-172-31-41-199] [hospitals][0], node[sreAWgKcQSehpwNUGH2mCQ], [P], s[STARTED], a[id=g4b7fXPURmGjEXDqSW_OVQ]: Failed to execute [SearchRequest{searchType=QUERY_THEN_FETCH, indices=[hospitals], indicesOptions=IndicesOptions[ignore_unavailable=false, allow_no_indices=true, expand_wildcards_open=true, expand_wildcards_closed=false, allow_aliases_to_multiple_indices=true, forbid_closed_indices=true, ignore_aliases=false, ignore_throttled=true], types=[], routing='null', preference='null', requestCache=null, scroll=null, maxConcurrentShardRequests=0, batchedReduceSize=512, preFilterShardSize=128, allowPartialSearchResults=true, localClusterAlias=null, getOrCreateAbsoluteStartMillis=-1, ccsMinimizeRoundtrips=true, source={"from":0,"size":10,"query":{"bool":{"must":[{"term":{"my_join_field":{"value":"hospital","boost":1.0}}}],"adjust_pure_negative":true,"boost":1.0}},"sort":[{"name":{"order":"desc"}}]}}]
org.elasticsearch.transport.RemoteTransportException: [ip-172-31-41-199][127.0.0.1:9300][indices:data/read/search[phase/query]]
Caused by: java.lang.IllegalArgumentException: Fielddata is disabled on text fields by default. Set fielddata=true on [name] in order to load fielddata in memory by uninverting the inverted index. Note that this can however use significant memory. Alternatively use a keyword field instead.
	at org.elasticsearch.index.mapper.TextFieldMapper$TextFieldType.fielddataBuilder(TextFieldMapper.java:759) ~[elasticsearch-7.3.0.jar:7.3.0]
	at org.elasticsearch.index.fielddata.IndexFieldDataService.getForField(IndexFieldDataService.java:116) ~[elasticsearch-7.3.0.jar:7.3.0]
	at org.elasticsearch.index.query.QueryShardContext.getForField(QueryShardContext.java:191) ~[elasticsearch-7.3.0.jar:7.3.0]
	at org.elasticsearch.search.sort.FieldSortBuilder.build(FieldSortBuilder.java:419) ~[elasticsearch-7.3.0.jar:7.3.0]
	at org.elasticsearch.search.sort.SortBuilder.buildSort(SortBuilder.java:153) ~[elasticsearch-7.3.0.jar:7.3.0]
	at org.elasticsearch.search.SearchService.parseSource(SearchService.java:760) ~[elasticsearch-7.3.0.jar:7.3.0]
	at org.elasticsearch.search.SearchService.createContext(SearchService.java:591) ~[elasticsearch-7.3.0.jar:7.3.0]
	at org.elasticsearch.search.SearchService.createAndPutContext(SearchService.java:550) ~[elasticsearch-7.3.0.jar:7.3.0]
	at org.elasticsearch.search.SearchService.executeQueryPhase(SearchService.java:353) ~[elasticsearch-7.3.0.jar:7.3.0]
	at org.elasticsearch.search.SearchService.lambda$executeQueryPhase$1(SearchService.java:340) ~[elasticsearch-7.3.0.jar:7.3.0]
	at org.elasticsearch.action.ActionListener.lambda$map$2(ActionListener.java:145) ~[elasticsearch-7.3.0.jar:7.3.0]
	at org.elasticsearch.action.ActionListener$1.onResponse(ActionListener.java:62) [elasticsearch-7.3.0.jar:7.3.0]
	at org.elasticsearch.search.SearchService$2.doRun(SearchService.java:1052) [elasticsearch-7.3.0.jar:7.3.0]
	at org.elasticsearch.common.util.concurrent.AbstractRunnable.run(AbstractRunnable.java:37) [elasticsearch-7.3.0.jar:7.3.0]
	at org.elasticsearch.common.util.concurrent.TimedRunnable.doRun(TimedRunnable.java:44) [elasticsearch-7.3.0.jar:7.3.0]
	at org.elasticsearch.common.util.concurrent.ThreadContext$ContextPreservingAbstractRunnable.doRun(ThreadContext.java:758) [elasticsearch-7.3.0.jar:7.3.0]
	at org.elasticsearch.common.util.concurrent.AbstractRunnable.run(AbstractRunnable.java:37) [elasticsearch-7.3.0.jar:7.3.0]
	at java.util.concurrent.ThreadPoolExecutor.runWorker(ThreadPoolExecutor.java:1128) [?:?]
	at java.util.concurrent.ThreadPoolExecutor$Worker.run(ThreadPoolExecutor.java:628) [?:?]
	at java.lang.Thread.run(Thread.java:835) [?:?]
[2020-06-05T07:22:16,160][DEBUG][o.e.a.s.TransportSearchAction] [ip-172-31-41-199] All shards failed for phase: [query]
org.elasticsearch.ElasticsearchException$1: Fielddata is disabled on text fields by default. Set fielddata=true on [name] in order to load fielddata in memory by uninverting the inverted index. Note that this can however use significant memory. Alternatively use a keyword field instead.
	at org.elasticsearch.ElasticsearchException.guessRootCauses(ElasticsearchException.java:639) ~[elasticsearch-7.3.0.jar:7.3.0]
	at org.elasticsearch.action.search.AbstractSearchAsyncAction.executeNextPhase(AbstractSearchAsyncAction.java:137) [elasticsearch-7.3.0.jar:7.3.0]
	at org.elasticsearch.action.search.AbstractSearchAsyncAction.onPhaseDone(AbstractSearchAsyncAction.java:264) [elasticsearch-7.3.0.jar:7.3.0]
	at org.elasticsearch.action.search.InitialSearchPhase.onShardFailure(InitialSearchPhase.java:105) [elasticsearch-7.3.0.jar:7.3.0]
	at org.elasticsearch.action.search.InitialSearchPhase.access$200(InitialSearchPhase.java:50) [elasticsearch-7.3.0.jar:7.3.0]
	at org.elasticsearch.action.search.InitialSearchPhase$2.onFailure(InitialSearchPhase.java:273) [elasticsearch-7.3.0.jar:7.3.0]
	at org.elasticsearch.action.search.SearchExecutionStatsCollector.onFailure(SearchExecutionStatsCollector.java:73) [elasticsearch-7.3.0.jar:7.3.0]
	at org.elasticsearch.action.ActionListenerResponseHandler.handleException(ActionListenerResponseHandler.java:59) [elasticsearch-7.3.0.jar:7.3.0]
	at org.elasticsearch.action.search.SearchTransportService$ConnectionCountingHandler.handleException(SearchTransportService.java:441) [elasticsearch-7.3.0.jar:7.3.0]
	at org.elasticsearch.transport.TransportService$ContextRestoreResponseHandler.handleException(TransportService.java:1111) [elasticsearch-7.3.0.jar:7.3.0]
	at org.elasticsearch.transport.TransportService$DirectResponseChannel.processException(TransportService.java:1223) [elasticsearch-7.3.0.jar:7.3.0]
	at org.elasticsearch.transport.TransportService$DirectResponseChannel.sendResponse(TransportService.java:1197) [elasticsearch-7.3.0.jar:7.3.0]
	at org.elasticsearch.transport.TaskTransportChannel.sendResponse(TaskTransportChannel.java:60) [elasticsearch-7.3.0.jar:7.3.0]
	at org.elasticsearch.action.support.ChannelActionListener.onFailure(ChannelActionListener.java:56) [elasticsearch-7.3.0.jar:7.3.0]
	at org.elasticsearch.action.ActionListener$1.onFailure(ActionListener.java:70) [elasticsearch-7.3.0.jar:7.3.0]
	at org.elasticsearch.action.ActionListener$1.onResponse(ActionListener.java:64) [elasticsearch-7.3.0.jar:7.3.0]
	at org.elasticsearch.search.SearchService$2.doRun(SearchService.java:1052) [elasticsearch-7.3.0.jar:7.3.0]
	at org.elasticsearch.common.util.concurrent.AbstractRunnable.run(AbstractRunnable.java:37) [elasticsearch-7.3.0.jar:7.3.0]
	at org.elasticsearch.common.util.concurrent.TimedRunnable.doRun(TimedRunnable.java:44) [elasticsearch-7.3.0.jar:7.3.0]
	at org.elasticsearch.common.util.concurrent.ThreadContext$ContextPreservingAbstractRunnable.doRun(ThreadContext.java:758) [elasticsearch-7.3.0.jar:7.3.0]
	at org.elasticsearch.common.util.concurrent.AbstractRunnable.run(AbstractRunnable.java:37) [elasticsearch-7.3.0.jar:7.3.0]
	at java.util.concurrent.ThreadPoolExecutor.runWorker(ThreadPoolExecutor.java:1128) [?:?]
	at java.util.concurrent.ThreadPoolExecutor$Worker.run(ThreadPoolExecutor.java:628) [?:?]
	at java.lang.Thread.run(Thread.java:835) [?:?]
Caused by: java.lang.IllegalArgumentException: Fielddata is disabled on text fields by default. Set fielddata=true on [name] in order to load fielddata in memory by uninverting the inverted index. Note that this can however use significant memory. Alternatively use a keyword field instead.
	at org.elasticsearch.index.mapper.TextFieldMapper$TextFieldType.fielddataBuilder(TextFieldMapper.java:759) ~[elasticsearch-7.3.0.jar:7.3.0]
	at org.elasticsearch.index.fielddata.IndexFieldDataService.getForField(IndexFieldDataService.java:116) ~[elasticsearch-7.3.0.jar:7.3.0]
	at org.elasticsearch.index.query.QueryShardContext.getForField(QueryShardContext.java:191) ~[elasticsearch-7.3.0.jar:7.3.0]
	at org.elasticsearch.search.sort.FieldSortBuilder.build(FieldSortBuilder.java:419) ~[elasticsearch-7.3.0.jar:7.3.0]
	at org.elasticsearch.search.sort.SortBuilder.buildSort(SortBuilder.java:153) ~[elasticsearch-7.3.0.jar:7.3.0]
	at org.elasticsearch.search.SearchService.parseSource(SearchService.java:760) ~[elasticsearch-7.3.0.jar:7.3.0]
	at org.elasticsearch.search.SearchService.createContext(SearchService.java:591) ~[elasticsearch-7.3.0.jar:7.3.0]
	at org.elasticsearch.search.SearchService.createAndPutContext(SearchService.java:550) ~[elasticsearch-7.3.0.jar:7.3.0]
	at org.elasticsearch.search.SearchService.executeQueryPhase(SearchService.java:353) ~[elasticsearch-7.3.0.jar:7.3.0]
	at org.elasticsearch.search.SearchService.lambda$executeQueryPhase$1(SearchService.java:340) ~[elasticsearch-7.3.0.jar:7.3.0]
	at org.elasticsearch.action.ActionListener.lambda$map$2(ActionListener.java:145) ~[elasticsearch-7.3.0.jar:7.3.0]
	at org.elasticsearch.action.ActionListener$1.onResponse(ActionListener.java:62) ~[elasticsearch-7.3.0.jar:7.3.0]
	... 8 more
[2020-06-05T07:22:34,849][DEBUG][o.e.a.s.TransportSearchAction] [ip-172-31-41-199] [hospitals][0], node[sreAWgKcQSehpwNUGH2mCQ], [P], s[STARTED], a[id=g4b7fXPURmGjEXDqSW_OVQ]: Failed to execute [SearchRequest{searchType=QUERY_THEN_FETCH, indices=[hospitals], indicesOptions=IndicesOptions[ignore_unavailable=false, allow_no_indices=true, expand_wildcards_open=true, expand_wildcards_closed=false, allow_aliases_to_multiple_indices=true, forbid_closed_indices=true, ignore_aliases=false, ignore_throttled=true], types=[], routing='null', preference='null', requestCache=null, scroll=null, maxConcurrentShardRequests=0, batchedReduceSize=512, preFilterShardSize=128, allowPartialSearchResults=true, localClusterAlias=null, getOrCreateAbsoluteStartMillis=-1, ccsMinimizeRoundtrips=true, source={"from":0,"size":10,"query":{"bool":{"must":[{"term":{"my_join_field":{"value":"hospital","boost":1.0}}}],"adjust_pure_negative":true,"boost":1.0}},"sort":[{"name.text":{"order":"desc"}}]}}]
org.elasticsearch.transport.RemoteTransportException: [ip-172-31-41-199][127.0.0.1:9300][indices:data/read/search[phase/query]]
Caused by: org.elasticsearch.index.query.QueryShardException: No mapping found for [name.text] in order to sort on
	at org.elasticsearch.search.sort.FieldSortBuilder.build(FieldSortBuilder.java:387) ~[elasticsearch-7.3.0.jar:7.3.0]
	at org.elasticsearch.search.sort.SortBuilder.buildSort(SortBuilder.java:153) ~[elasticsearch-7.3.0.jar:7.3.0]
	at org.elasticsearch.search.SearchService.parseSource(SearchService.java:760) ~[elasticsearch-7.3.0.jar:7.3.0]
	at org.elasticsearch.search.SearchService.createContext(SearchService.java:591) ~[elasticsearch-7.3.0.jar:7.3.0]
	at org.elasticsearch.search.SearchService.createAndPutContext(SearchService.java:550) ~[elasticsearch-7.3.0.jar:7.3.0]
	at org.elasticsearch.search.SearchService.executeQueryPhase(SearchService.java:353) ~[elasticsearch-7.3.0.jar:7.3.0]
	at org.elasticsearch.search.SearchService.lambda$executeQueryPhase$1(SearchService.java:340) ~[elasticsearch-7.3.0.jar:7.3.0]
	at org.elasticsearch.action.ActionListener.lambda$map$2(ActionListener.java:145) ~[elasticsearch-7.3.0.jar:7.3.0]
	at org.elasticsearch.action.ActionListener$1.onResponse(ActionListener.java:62) [elasticsearch-7.3.0.jar:7.3.0]
	at org.elasticsearch.search.SearchService$2.doRun(SearchService.java:1052) [elasticsearch-7.3.0.jar:7.3.0]
	at org.elasticsearch.common.util.concurrent.AbstractRunnable.run(AbstractRunnable.java:37) [elasticsearch-7.3.0.jar:7.3.0]
	at org.elasticsearch.common.util.concurrent.TimedRunnable.doRun(TimedRunnable.java:44) [elasticsearch-7.3.0.jar:7.3.0]
	at org.elasticsearch.common.util.concurrent.ThreadContext$ContextPreservingAbstractRunnable.doRun(ThreadContext.java:758) [elasticsearch-7.3.0.jar:7.3.0]
	at org.elasticsearch.common.util.concurrent.AbstractRunnable.run(AbstractRunnable.java:37) [elasticsearch-7.3.0.jar:7.3.0]
	at java.util.concurrent.ThreadPoolExecutor.runWorker(ThreadPoolExecutor.java:1128) [?:?]
	at java.util.concurrent.ThreadPoolExecutor$Worker.run(ThreadPoolExecutor.java:628) [?:?]
	at java.lang.Thread.run(Thread.java:835) [?:?]
[2020-06-05T07:22:34,851][DEBUG][o.e.a.s.TransportSearchAction] [ip-172-31-41-199] All shards failed for phase: [query]
org.elasticsearch.index.query.QueryShardException: No mapping found for [name.text] in order to sort on
	at org.elasticsearch.search.sort.FieldSortBuilder.build(FieldSortBuilder.java:387) ~[elasticsearch-7.3.0.jar:7.3.0]
	at org.elasticsearch.search.sort.SortBuilder.buildSort(SortBuilder.java:153) ~[elasticsearch-7.3.0.jar:7.3.0]
	at org.elasticsearch.search.SearchService.parseSource(SearchService.java:760) ~[elasticsearch-7.3.0.jar:7.3.0]
	at org.elasticsearch.search.SearchService.createContext(SearchService.java:591) ~[elasticsearch-7.3.0.jar:7.3.0]
	at org.elasticsearch.search.SearchService.createAndPutContext(SearchService.java:550) ~[elasticsearch-7.3.0.jar:7.3.0]
	at org.elasticsearch.search.SearchService.executeQueryPhase(SearchService.java:353) ~[elasticsearch-7.3.0.jar:7.3.0]
	at org.elasticsearch.search.SearchService.lambda$executeQueryPhase$1(SearchService.java:340) ~[elasticsearch-7.3.0.jar:7.3.0]
	at org.elasticsearch.action.ActionListener.lambda$map$2(ActionListener.java:145) ~[elasticsearch-7.3.0.jar:7.3.0]
	at org.elasticsearch.action.ActionListener$1.onResponse(ActionListener.java:62) [elasticsearch-7.3.0.jar:7.3.0]
	at org.elasticsearch.search.SearchService$2.doRun(SearchService.java:1052) [elasticsearch-7.3.0.jar:7.3.0]
	at org.elasticsearch.common.util.concurrent.AbstractRunnable.run(AbstractRunnable.java:37) [elasticsearch-7.3.0.jar:7.3.0]
	at org.elasticsearch.common.util.concurrent.TimedRunnable.doRun(TimedRunnable.java:44) [elasticsearch-7.3.0.jar:7.3.0]
	at org.elasticsearch.common.util.concurrent.ThreadContext$ContextPreservingAbstractRunnable.doRun(ThreadContext.java:758) [elasticsearch-7.3.0.jar:7.3.0]
	at org.elasticsearch.common.util.concurrent.AbstractRunnable.run(AbstractRunnable.java:37) [elasticsearch-7.3.0.jar:7.3.0]
	at java.util.concurrent.ThreadPoolExecutor.runWorker(ThreadPoolExecutor.java:1128) [?:?]
	at java.util.concurrent.ThreadPoolExecutor$Worker.run(ThreadPoolExecutor.java:628) [?:?]
	at java.lang.Thread.run(Thread.java:835) [?:?]
[2020-06-05T07:28:09,270][INFO ][o.e.c.m.MetaDataIndexTemplateService] [ip-172-31-41-199] adding template [.management-beats] for index patterns [.management-beats]
[2020-06-05T07:29:14,887][INFO ][o.e.c.m.MetaDataCreateIndexService] [ip-172-31-41-199] [hos_test] creating index, cause [api], templates [], shards [1]/[1], mappings [_doc]
[2020-06-05T07:59:03,015][INFO ][o.e.c.m.MetaDataIndexTemplateService] [ip-172-31-41-199] adding template [.management-beats] for index patterns [.management-beats]
[2020-06-05T08:00:05,215][INFO ][o.e.c.m.MetaDataMappingService] [ip-172-31-41-199] [hos_test/WboZDBbuTNSSanAQnNQgkg] update_mapping [_doc]
[2020-06-05T10:01:58,255][INFO ][o.e.c.m.MetaDataIndexTemplateService] [ip-172-31-41-199] adding template [.management-beats] for index patterns [.management-beats]
[2020-06-05T10:02:29,641][INFO ][o.e.c.m.MetaDataMappingService] [ip-172-31-41-199] [hospitals/AMwu1wHGRYiNP4crjivNKA] update_mapping [_doc]
[2020-06-05T10:02:48,603][INFO ][o.e.c.m.MetaDataMappingService] [ip-172-31-41-199] [doctors/H120aqgATNiqoQmwOm1Kgw] update_mapping [_doc]
[2020-06-05T10:04:11,393][INFO ][o.e.c.m.MetaDataMappingService] [ip-172-31-41-199] [labs/t6OMVP5ZSrWFwQwYxXQvPA] update_mapping [_doc]
[2020-06-05T10:04:17,868][INFO ][o.e.c.m.MetaDataMappingService] [ip-172-31-41-199] [pharmacy/Ult95gZuTAuIcr0tiuJ0iw] update_mapping [_doc]
[2020-06-05T10:04:24,771][INFO ][o.e.c.m.MetaDataMappingService] [ip-172-31-41-199] [insurance/IEKD1xn9SPyVcGcGoecNLQ] update_mapping [_doc]
[2020-06-05T10:15:05,306][INFO ][o.e.c.m.MetaDataMappingService] [ip-172-31-41-199] [hospitals/AMwu1wHGRYiNP4crjivNKA] update_mapping [_doc]
[2020-06-05T10:21:12,738][INFO ][o.e.c.m.MetaDataIndexTemplateService] [ip-172-31-41-199] adding template [.management-beats] for index patterns [.management-beats]
[2020-06-05T11:00:56,961][INFO ][o.e.c.m.MetaDataMappingService] [ip-172-31-41-199] [hospitals/AMwu1wHGRYiNP4crjivNKA] update_mapping [_doc]
[2020-06-05T13:08:41,606][WARN ][o.e.i.r.TransportUpdateByQueryAction] [ip-172-31-41-199] giving up on search because it failed with a non-retryable exception
org.elasticsearch.index.IndexNotFoundException: no such index [i]
	at org.elasticsearch.cluster.metadata.IndexNameExpressionResolver$WildcardExpressionResolver.indexNotFoundException(IndexNameExpressionResolver.java:761) ~[elasticsearch-7.3.0.jar:7.3.0]
	at org.elasticsearch.cluster.metadata.IndexNameExpressionResolver$WildcardExpressionResolver.innerResolve(IndexNameExpressionResolver.java:713) ~[elasticsearch-7.3.0.jar:7.3.0]
	at org.elasticsearch.cluster.metadata.IndexNameExpressionResolver$WildcardExpressionResolver.resolve(IndexNameExpressionResolver.java:669) ~[elasticsearch-7.3.0.jar:7.3.0]
	at org.elasticsearch.cluster.metadata.IndexNameExpressionResolver.concreteIndices(IndexNameExpressionResolver.java:163) ~[elasticsearch-7.3.0.jar:7.3.0]
	at org.elasticsearch.cluster.metadata.IndexNameExpressionResolver.concreteIndices(IndexNameExpressionResolver.java:138) ~[elasticsearch-7.3.0.jar:7.3.0]
	at org.elasticsearch.action.search.TransportSearchAction.resolveLocalIndices(TransportSearchAction.java:457) ~[elasticsearch-7.3.0.jar:7.3.0]
	at org.elasticsearch.action.search.TransportSearchAction.executeSearch(TransportSearchAction.java:471) ~[elasticsearch-7.3.0.jar:7.3.0]
	at org.elasticsearch.action.search.TransportSearchAction.executeLocalSearch(TransportSearchAction.java:400) ~[elasticsearch-7.3.0.jar:7.3.0]
	at org.elasticsearch.action.search.TransportSearchAction.lambda$doExecute$3(TransportSearchAction.java:212) ~[elasticsearch-7.3.0.jar:7.3.0]
	at org.elasticsearch.action.ActionListener$1.onResponse(ActionListener.java:62) [elasticsearch-7.3.0.jar:7.3.0]
	at org.elasticsearch.index.query.Rewriteable.rewriteAndFetch(Rewriteable.java:114) [elasticsearch-7.3.0.jar:7.3.0]
	at org.elasticsearch.index.query.Rewriteable.rewriteAndFetch(Rewriteable.java:87) [elasticsearch-7.3.0.jar:7.3.0]
	at org.elasticsearch.action.search.TransportSearchAction.doExecute(TransportSearchAction.java:242) [elasticsearch-7.3.0.jar:7.3.0]
	at org.elasticsearch.action.search.TransportSearchAction.doExecute(TransportSearchAction.java:87) [elasticsearch-7.3.0.jar:7.3.0]
	at org.elasticsearch.action.support.TransportAction$RequestFilterChain.proceed(TransportAction.java:145) [elasticsearch-7.3.0.jar:7.3.0]
	at org.elasticsearch.xpack.security.action.filter.SecurityActionFilter.apply(SecurityActionFilter.java:123) [x-pack-security-7.3.0.jar:7.3.0]
	at org.elasticsearch.action.support.TransportAction$RequestFilterChain.proceed(TransportAction.java:143) [elasticsearch-7.3.0.jar:7.3.0]
	at org.elasticsearch.action.support.TransportAction.execute(TransportAction.java:121) [elasticsearch-7.3.0.jar:7.3.0]
	at org.elasticsearch.action.support.TransportAction.execute(TransportAction.java:64) [elasticsearch-7.3.0.jar:7.3.0]
	at org.elasticsearch.client.node.NodeClient.executeLocally(NodeClient.java:83) [elasticsearch-7.3.0.jar:7.3.0]
	at org.elasticsearch.client.node.NodeClient.doExecute(NodeClient.java:72) [elasticsearch-7.3.0.jar:7.3.0]
	at org.elasticsearch.client.support.AbstractClient.execute(AbstractClient.java:392) [elasticsearch-7.3.0.jar:7.3.0]
	at org.elasticsearch.client.FilterClient.doExecute(FilterClient.java:65) [elasticsearch-7.3.0.jar:7.3.0]
	at org.elasticsearch.client.ParentTaskAssigningClient.doExecute(ParentTaskAssigningClient.java:63) [elasticsearch-7.3.0.jar:7.3.0]
	at org.elasticsearch.client.support.AbstractClient.execute(AbstractClient.java:392) [elasticsearch-7.3.0.jar:7.3.0]
	at org.elasticsearch.client.support.AbstractClient.search(AbstractClient.java:525) [elasticsearch-7.3.0.jar:7.3.0]
	at org.elasticsearch.index.reindex.ClientScrollableHitSource.lambda$doStart$0(ClientScrollableHitSource.java:77) [elasticsearch-7.3.0.jar:7.3.0]
	at org.elasticsearch.index.reindex.ClientScrollableHitSource$1RetryHelper.doRun(ClientScrollableHitSource.java:142) [elasticsearch-7.3.0.jar:7.3.0]
	at org.elasticsearch.common.util.concurrent.AbstractRunnable.run(AbstractRunnable.java:37) [elasticsearch-7.3.0.jar:7.3.0]
	at org.elasticsearch.index.reindex.ClientScrollableHitSource.searchWithRetry(ClientScrollableHitSource.java:173) [elasticsearch-7.3.0.jar:7.3.0]
	at org.elasticsearch.index.reindex.ClientScrollableHitSource.doStart(ClientScrollableHitSource.java:77) [elasticsearch-7.3.0.jar:7.3.0]
	at org.elasticsearch.index.reindex.ScrollableHitSource.start(ScrollableHitSource.java:69) [elasticsearch-7.3.0.jar:7.3.0]
	at org.elasticsearch.index.reindex.AbstractAsyncBulkByScrollAction.start(AbstractAsyncBulkByScrollAction.java:238) [reindex-client-7.3.0.jar:7.3.0]
	at org.elasticsearch.index.reindex.TransportUpdateByQueryAction.lambda$doExecute$0(TransportUpdateByQueryAction.java:75) [reindex-client-7.3.0.jar:7.3.0]
	at org.elasticsearch.index.reindex.BulkByScrollParallelizationHelper.sliceConditionally(BulkByScrollParallelizationHelper.java:104) [reindex-client-7.3.0.jar:7.3.0]
	at org.elasticsearch.index.reindex.BulkByScrollParallelizationHelper.startSlicedAction(BulkByScrollParallelizationHelper.java:81) [reindex-client-7.3.0.jar:7.3.0]
	at org.elasticsearch.index.reindex.TransportUpdateByQueryAction.doExecute(TransportUpdateByQueryAction.java:68) [reindex-client-7.3.0.jar:7.3.0]
	at org.elasticsearch.index.reindex.TransportUpdateByQueryAction.doExecute(TransportUpdateByQueryAction.java:47) [reindex-client-7.3.0.jar:7.3.0]
	at org.elasticsearch.action.support.TransportAction$RequestFilterChain.proceed(TransportAction.java:145) [elasticsearch-7.3.0.jar:7.3.0]
	at org.elasticsearch.xpack.security.action.filter.SecurityActionFilter.apply(SecurityActionFilter.java:123) [x-pack-security-7.3.0.jar:7.3.0]
	at org.elasticsearch.action.support.TransportAction$RequestFilterChain.proceed(TransportAction.java:143) [elasticsearch-7.3.0.jar:7.3.0]
	at org.elasticsearch.action.support.TransportAction.execute(TransportAction.java:121) [elasticsearch-7.3.0.jar:7.3.0]
	at org.elasticsearch.action.support.TransportAction.execute(TransportAction.java:64) [elasticsearch-7.3.0.jar:7.3.0]
	at org.elasticsearch.client.node.NodeClient.executeLocally(NodeClient.java:83) [elasticsearch-7.3.0.jar:7.3.0]
	at org.elasticsearch.index.reindex.AbstractBaseReindexRestHandler.lambda$doPrepareRequest$0(AbstractBaseReindexRestHandler.java:62) [reindex-client-7.3.0.jar:7.3.0]
	at org.elasticsearch.rest.BaseRestHandler.handleRequest(BaseRestHandler.java:113) [elasticsearch-7.3.0.jar:7.3.0]
	at org.elasticsearch.xpack.security.rest.SecurityRestFilter.handleRequest(SecurityRestFilter.java:69) [x-pack-security-7.3.0.jar:7.3.0]
	at org.elasticsearch.rest.RestController.dispatchRequest(RestController.java:240) [elasticsearch-7.3.0.jar:7.3.0]
	at org.elasticsearch.rest.RestController.tryAllHandlers(RestController.java:344) [elasticsearch-7.3.0.jar:7.3.0]
	at org.elasticsearch.rest.RestController.dispatchRequest(RestController.java:174) [elasticsearch-7.3.0.jar:7.3.0]
	at org.elasticsearch.http.AbstractHttpServerTransport.dispatchRequest(AbstractHttpServerTransport.java:320) [elasticsearch-7.3.0.jar:7.3.0]
	at org.elasticsearch.http.AbstractHttpServerTransport.handleIncomingRequest(AbstractHttpServerTransport.java:370) [elasticsearch-7.3.0.jar:7.3.0]
	at org.elasticsearch.http.AbstractHttpServerTransport.incomingRequest(AbstractHttpServerTransport.java:299) [elasticsearch-7.3.0.jar:7.3.0]
	at org.elasticsearch.http.netty4.Netty4HttpRequestHandler.channelRead0(Netty4HttpRequestHandler.java:66) [transport-netty4-client-7.3.0.jar:7.3.0]
	at org.elasticsearch.http.netty4.Netty4HttpRequestHandler.channelRead0(Netty4HttpRequestHandler.java:31) [transport-netty4-client-7.3.0.jar:7.3.0]
	at io.netty.channel.SimpleChannelInboundHandler.channelRead(SimpleChannelInboundHandler.java:105) [netty-transport-4.1.36.Final.jar:4.1.36.Final]
	at io.netty.channel.AbstractChannelHandlerContext.invokeChannelRead(AbstractChannelHandlerContext.java:374) [netty-transport-4.1.36.Final.jar:4.1.36.Final]
	at io.netty.channel.AbstractChannelHandlerContext.invokeChannelRead(AbstractChannelHandlerContext.java:360) [netty-transport-4.1.36.Final.jar:4.1.36.Final]
	at io.netty.channel.AbstractChannelHandlerContext.fireChannelRead(AbstractChannelHandlerContext.java:352) [netty-transport-4.1.36.Final.jar:4.1.36.Final]
	at org.elasticsearch.http.netty4.Netty4HttpPipeliningHandler.channelRead(Netty4HttpPipeliningHandler.java:58) [transport-netty4-client-7.3.0.jar:7.3.0]
	at io.netty.channel.AbstractChannelHandlerContext.invokeChannelRead(AbstractChannelHandlerContext.java:374) [netty-transport-4.1.36.Final.jar:4.1.36.Final]
	at io.netty.channel.AbstractChannelHandlerContext.invokeChannelRead(AbstractChannelHandlerContext.java:360) [netty-transport-4.1.36.Final.jar:4.1.36.Final]
	at io.netty.channel.AbstractChannelHandlerContext.fireChannelRead(AbstractChannelHandlerContext.java:352) [netty-transport-4.1.36.Final.jar:4.1.36.Final]
	at io.netty.handler.codec.MessageToMessageDecoder.channelRead(MessageToMessageDecoder.java:102) [netty-codec-4.1.36.Final.jar:4.1.36.Final]
	at io.netty.handler.codec.MessageToMessageCodec.channelRead(MessageToMessageCodec.java:111) [netty-codec-4.1.36.Final.jar:4.1.36.Final]
	at io.netty.channel.AbstractChannelHandlerContext.invokeChannelRead(AbstractChannelHandlerContext.java:374) [netty-transport-4.1.36.Final.jar:4.1.36.Final]
	at io.netty.channel.AbstractChannelHandlerContext.invokeChannelRead(AbstractChannelHandlerContext.java:360) [netty-transport-4.1.36.Final.jar:4.1.36.Final]
	at io.netty.channel.AbstractChannelHandlerContext.fireChannelRead(AbstractChannelHandlerContext.java:352) [netty-transport-4.1.36.Final.jar:4.1.36.Final]
	at io.netty.handler.codec.MessageToMessageDecoder.channelRead(MessageToMessageDecoder.java:102) [netty-codec-4.1.36.Final.jar:4.1.36.Final]
	at io.netty.channel.AbstractChannelHandlerContext.invokeChannelRead(AbstractChannelHandlerContext.java:374) [netty-transport-4.1.36.Final.jar:4.1.36.Final]
	at io.netty.channel.AbstractChannelHandlerContext.invokeChannelRead(AbstractChannelHandlerContext.java:360) [netty-transport-4.1.36.Final.jar:4.1.36.Final]
	at io.netty.channel.AbstractChannelHandlerContext.fireChannelRead(AbstractChannelHandlerContext.java:352) [netty-transport-4.1.36.Final.jar:4.1.36.Final]
	at io.netty.handler.codec.MessageToMessageDecoder.channelRead(MessageToMessageDecoder.java:102) [netty-codec-4.1.36.Final.jar:4.1.36.Final]
	at io.netty.channel.AbstractChannelHandlerContext.invokeChannelRead(AbstractChannelHandlerContext.java:374) [netty-transport-4.1.36.Final.jar:4.1.36.Final]
	at io.netty.channel.AbstractChannelHandlerContext.invokeChannelRead(AbstractChannelHandlerContext.java:360) [netty-transport-4.1.36.Final.jar:4.1.36.Final]
	at io.netty.channel.AbstractChannelHandlerContext.fireChannelRead(AbstractChannelHandlerContext.java:352) [netty-transport-4.1.36.Final.jar:4.1.36.Final]
	at io.netty.handler.codec.ByteToMessageDecoder.fireChannelRead(ByteToMessageDecoder.java:323) [netty-codec-4.1.36.Final.jar:4.1.36.Final]
	at io.netty.handler.codec.ByteToMessageDecoder.channelRead(ByteToMessageDecoder.java:297) [netty-codec-4.1.36.Final.jar:4.1.36.Final]
	at io.netty.channel.AbstractChannelHandlerContext.invokeChannelRead(AbstractChannelHandlerContext.java:374) [netty-transport-4.1.36.Final.jar:4.1.36.Final]
	at io.netty.channel.AbstractChannelHandlerContext.invokeChannelRead(AbstractChannelHandlerContext.java:360) [netty-transport-4.1.36.Final.jar:4.1.36.Final]
	at io.netty.channel.AbstractChannelHandlerContext.fireChannelRead(AbstractChannelHandlerContext.java:352) [netty-transport-4.1.36.Final.jar:4.1.36.Final]
	at io.netty.handler.timeout.IdleStateHandler.channelRead(IdleStateHandler.java:287) [netty-handler-4.1.36.Final.jar:4.1.36.Final]
	at io.netty.channel.AbstractChannelHandlerContext.invokeChannelRead(AbstractChannelHandlerContext.java:374) [netty-transport-4.1.36.Final.jar:4.1.36.Final]
	at io.netty.channel.AbstractChannelHandlerContext.invokeChannelRead(AbstractChannelHandlerContext.java:360) [netty-transport-4.1.36.Final.jar:4.1.36.Final]
	at io.netty.channel.AbstractChannelHandlerContext.fireChannelRead(AbstractChannelHandlerContext.java:352) [netty-transport-4.1.36.Final.jar:4.1.36.Final]
	at io.netty.channel.DefaultChannelPipeline$HeadContext.channelRead(DefaultChannelPipeline.java:1408) [netty-transport-4.1.36.Final.jar:4.1.36.Final]
	at io.netty.channel.AbstractChannelHandlerContext.invokeChannelRead(AbstractChannelHandlerContext.java:374) [netty-transport-4.1.36.Final.jar:4.1.36.Final]
	at io.netty.channel.AbstractChannelHandlerContext.invokeChannelRead(AbstractChannelHandlerContext.java:360) [netty-transport-4.1.36.Final.jar:4.1.36.Final]
	at io.netty.channel.DefaultChannelPipeline.fireChannelRead(DefaultChannelPipeline.java:930) [netty-transport-4.1.36.Final.jar:4.1.36.Final]
	at io.netty.channel.nio.AbstractNioByteChannel$NioByteUnsafe.read(AbstractNioByteChannel.java:163) [netty-transport-4.1.36.Final.jar:4.1.36.Final]
	at io.netty.channel.nio.NioEventLoop.processSelectedKey(NioEventLoop.java:682) [netty-transport-4.1.36.Final.jar:4.1.36.Final]
	at io.netty.channel.nio.NioEventLoop.processSelectedKeysPlain(NioEventLoop.java:582) [netty-transport-4.1.36.Final.jar:4.1.36.Final]
	at io.netty.channel.nio.NioEventLoop.processSelectedKeys(NioEventLoop.java:536) [netty-transport-4.1.36.Final.jar:4.1.36.Final]
	at io.netty.channel.nio.NioEventLoop.run(NioEventLoop.java:496) [netty-transport-4.1.36.Final.jar:4.1.36.Final]
	at io.netty.util.concurrent.SingleThreadEventExecutor$5.run(SingleThreadEventExecutor.java:906) [netty-common-4.1.36.Final.jar:4.1.36.Final]
	at io.netty.util.internal.ThreadExecutorMap$2.run(ThreadExecutorMap.java:74) [netty-common-4.1.36.Final.jar:4.1.36.Final]
	at java.lang.Thread.run(Thread.java:835) [?:?]
[2020-06-05T13:22:35,352][INFO ][o.e.c.m.MetaDataIndexTemplateService] [ip-172-31-41-199] adding template [.management-beats] for index patterns [.management-beats]
[2020-06-05T18:22:50,803][INFO ][o.e.c.m.MetaDataIndexTemplateService] [ip-172-31-41-199] adding template [.management-beats] for index patterns [.management-beats]
